2026-01-22 14:33:57 [nudge] deacon nudged with "[from deacon] session-started"
2026-01-22 14:51:16 [nudge] deacon nudged with "[from careops/crew/klip] session-started"
2026-01-22 14:51:33 [nudge] deacon nudged with "[from icecream/crew/baker] session-started"
2026-01-22 15:02:01 [handoff] icecream/witness handed off (Witness patrol complete)
2026-01-22 15:04:30 [handoff] careops/witness handed off (Witness patrol handoff)
2026-01-22 15:06:18 [handoff] icecream/witness handed off (Witness cycle)
2026-01-22 15:07:11 [handoff] icecream/witness handed off (Witness cycle)
2026-01-22 15:17:24 [handoff] icecream/witness handed off (Witness cycle)
2026-01-22 15:19:23 [handoff] icecream/witness handed off (Witness cycle)
2026-01-22 15:25:01 [handoff] icecream/witness handed off (Witness cycle)
2026-01-22 15:56:33 [nudge] hq-mayor nudged with "[from icecream/crew/baker] Convoy ready for adm..."
2026-01-22 16:02:53 [nudge] icecream/furiosa nudged with "[from icecream/witness] You're stuck mustering...."
2026-01-22 16:07:52 [done] icecream/furiosa completed ic-mu4y
2026-01-22 16:07:59 [kill] icecream/polecats/furiosa killed (self-clean: done means gone)
2026-01-22 16:14:12 [done] icecream/nux completed ic-p7ln
2026-01-22 16:14:20 [kill] icecream/polecats/nux killed (self-clean: done means gone)
2026-01-22 16:16:26 [nudge] icecream/slit nudged with "[from icecream/witness] Please proceed with you..."
2026-01-22 16:20:10 [done] icecream/rictus completed ic-gc4q
2026-01-22 16:20:12 [kill] icecream/polecats/rictus killed (self-clean: done means gone)
2026-01-22 16:21:25 [nudge] icecream/slit nudged with "[from icecream/witness] The proposed_events tab..."
2026-01-22 16:24:00 [nudge] icecream/slit nudged with "[from icecream/witness] Continue with your task..."
2026-01-22 16:30:30 [nudge] icecream/slit nudged with "[from icecream/witness] Continue with your task..."
2026-01-22 16:35:27 [nudge] icecream/slit nudged with "[from icecream/witness] You've created the impo..."
2026-01-22 16:37:39 [nudge] icecream/slit nudged with "[from icecream/witness] Please run 'gt done' to..."
2026-01-22 16:37:59 [done] icecream/slit completed ic-4s0q
2026-01-22 16:38:06 [kill] icecream/polecats/slit killed (self-clean: done means gone)
2026-01-22 19:44:05 [nudge] icecream/refinery nudged with "[from mayor] Merge queue has 4 ready MRs from c..."
2026-01-22 20:37:38 [nudge] hq-mayor nudged with "[from careops/crew/klip] Phase 1 Studio Rebuild..."
2026-01-22 21:48:46 [nudge] careops/rust nudged with "[from careops/witness] You're stuck. You were e..."
2026-01-22 21:50:58 [nudge] careops/rust nudged with "[from careops/witness] Press ESC to cancel any ..."
2026-01-22 21:52:53 [kill] careops/rust killed (gt session stop)
2026-01-22 21:57:47 [nudge] careops/rust nudged with "[from careops/witness] You're stuck on the self..."
2026-01-22 22:07:56 [nudge] deacon nudged with "[from icecream/crew/baker] session-started"
2026-01-22 22:09:06 [done] careops/rust completed ca-ctg
2026-01-22 22:09:08 [kill] careops/polecats/rust killed (self-clean: done means gone)
2026-01-22 22:21:15 [done] careops/rust completed ca-ctg
2026-01-22 22:21:18 [kill] careops/polecats/rust killed (self-clean: done means gone)
2026-01-22 23:38:14 [nudge] careops/refinery nudged with "[from mayor] New MR ready to process: ca-a8z (p..."
2026-01-23 00:24:35 [done] careops/nitro completed ca-fob
2026-01-23 00:24:36 [kill] careops/polecats/nitro killed (self-clean: done means gone)
2026-01-23 00:25:10 [nudge] careops/chrome nudged with "[from careops/witness] You're stuck at gt hook...."
2026-01-23 00:28:10 [done] careops/rust completed ca-8h4
2026-01-23 00:28:13 [kill] careops/polecats/rust killed (self-clean: done means gone)
2026-01-23 00:28:36 [nudge] careops/refinery nudged with "[from mayor] Process MR ca-2ft (polecat/rust/ca..."
2026-01-23 00:28:53 [nudge] careops/chrome nudged with "[from careops/witness] URGENT: gt hook has been..."
2026-01-23 00:29:54 [kill] careops/chrome killed (gt session stop)
2026-01-23 00:30:52 [kill] careops/guzzle killed (gt session stop)
2026-01-23 00:35:07 [done] careops/rust completed ca-g9h
2026-01-23 00:35:09 [kill] careops/polecats/rust killed (self-clean: done means gone)
2026-01-23 00:35:28 [nudge] careops/refinery nudged with "[from mayor] Process MR ca-ic6 (polecat/rust/ca..."
2026-01-23 00:36:52 [done] careops/shiny completed ca-g9h
2026-01-23 00:36:55 [kill] careops/polecats/shiny killed (self-clean: done means gone)
2026-01-23 00:41:37 [done] careops/fury completed ca-z45
2026-01-23 00:41:40 [kill] careops/polecats/fury killed (self-clean: done means gone)
2026-01-23 00:42:24 [done] careops/rust completed ca-fob
2026-01-23 00:42:27 [kill] careops/polecats/rust killed (self-clean: done means gone)
2026-01-23 00:42:59 [nudge] careops/refinery nudged with "[from mayor] Process 2 MRs: ca-zvu (model tests..."
2026-01-23 00:44:42 [nudge] careops/refinery nudged with "[from mayor] Fetch again - branches exist: ca-z..."
2026-01-23 11:33:31 [handoff] careops/crew/klip handed off (Phase 2 Planning)
2026-01-23 11:33:38 [nudge] deacon nudged with "[from careops/crew/klip] session-started"
2026-01-23 11:34:52 [nudge] deacon nudged with "[from icecream/crew/mint] session-started"
